c:\dev\code\x engine\x64\debug\intermediate\engine cyber x.ilk
c:\dev\code\x engine\build\debug\engine cyber x.exe
c:\dev\code\x engine\build\debug\engine cyber x.pdb
c:\dev\code\x engine\x64\debug\intermediate\vc143.pdb
c:\dev\code\x engine\x64\debug\intermediate\vc143.idb
c:\dev\code\x engine\x64\debug\intermediate\app.obj
c:\dev\code\x engine\x64\debug\intermediate\window.obj
c:\dev\code\x engine\x64\debug\intermediate\shader.obj
c:\dev\code\x engine\x64\debug\intermediate\glad.obj
c:\dev\code\x engine\x64\debug\intermediate\entry.h.ifc
c:\dev\code\x engine\x64\debug\intermediate\entry.h.ifc.d.json
c:\dev\code\x engine\x64\debug\intermediate\entry.h.obj
c:\dev\code\x engine\x64\debug\intermediate\entry.h.module.json
c:\dev\code\x engine\x64\debug\intermediate\engine cyber x.tlog\cl.command.1.tlog
c:\dev\code\x engine\x64\debug\intermediate\engine cyber x.tlog\link.command.1.tlog
c:\dev\code\x engine\x64\debug\intermediate\engine cyber x.tlog\link.read.1.tlog
c:\dev\code\x engine\x64\debug\intermediate\engine cyber x.tlog\link.write.1.tlog
c:\dev\code\x engine\x64\debug\intermediate\engine cyber x.tlog\microsoft.build.cpptasks.cl.read.1.tlog
c:\dev\code\x engine\x64\debug\intermediate\engine cyber x.tlog\microsoft.build.cpptasks.cl.write.1.tlog
c:\dev\code\x engine\x64\debug\intermediate\engine cyber x_md.tlog\cl.command.1.tlog
c:\dev\code\x engine\x64\debug\intermediate\engine cyber x_md.tlog\microsoft.build.cpptasks.cl.read.1.tlog
c:\dev\code\x engine\x64\debug\intermediate\engine cyber x_md.tlog\microsoft.build.cpptasks.cl.write.1.tlog
